  Camera.cpp
  Generating Code...
  Compiling...
  SphereObject.cpp
  PlaneObject.cpp
  MeshObject.cpp
c:\users\15648\onedrive\spring 2017\cse 168\cse168hw2\cse168hw2\meshobject.cpp(170): warning C4267: 'initializing': conversion from 'size_t' to 'int', possible loss of data
c:\users\15648\onedrive\spring 2017\cse 168\cse168hw2\cse168hw2\meshobject.cpp(152): warning C4996: 'fopen': This function or variable may be unsafe. Consider using fopen_s instead. To disable deprecation, use _CRT_SECURE_NO_WARNINGS. See online help for details.
  c:\program files (x86)\windows kits\10\include\10.0.14393.0\ucrt\stdio.h(207): note: see declaration of 'fopen'
c:\users\15648\onedrive\spring 2017\cse 168\cse168hw2\cse168hw2\meshobject.cpp(190): warning C4996: 'strtok': This function or variable may be unsafe. Consider using strtok_s instead. To disable deprecation, use _CRT_SECURE_NO_WARNINGS. See online help for details.
  c:\program files (x86)\windows kits\10\include\10.0.14393.0\ucrt\string.h(431): note: see declaration of 'strtok'
c:\users\15648\onedrive\spring 2017\cse 168\cse168hw2\cse168hw2\meshobject.cpp(200): warning C4996: 'strtok': This function or variable may be unsafe. Consider using strtok_s instead. To disable deprecation, use _CRT_SECURE_NO_WARNINGS. See online help for details.
  c:\program files (x86)\windows kits\10\include\10.0.14393.0\ucrt\string.h(431): note: see declaration of 'strtok'
c:\users\15648\onedrive\spring 2017\cse 168\cse168hw2\cse168hw2\meshobject.cpp(212): warning C4996: 'fscanf': This function or variable may be unsafe. Consider using fscanf_s instead. To disable deprecation, use _CRT_SECURE_NO_WARNINGS. See online help for details.
  c:\program files (x86)\windows kits\10\include\10.0.14393.0\ucrt\stdio.h(1192): note: see declaration of 'fscanf'
  Generating Code...
  Skipping... (no relevant changes detected)
  Triangle.cpp
  Main.cpp
  BoxTreeObject.cpp
  BoxTreeNode.cpp
  CSE168hw2.vcxproj -> C:\Users\15648\OneDrive\Spring 2017\CSE 168\CSE168hw2\x64\Debug\CSE168hw2.exe
  CSE168hw2.vcxproj -> C:\Users\15648\OneDrive\Spring 2017\CSE 168\CSE168hw2\x64\Debug\CSE168hw2.pdb (Partial PDB)
